Traceback (most recent call last):
  File "/projects/tejo9855/Projects/SemEval2026-task9/teagan_folder/src/scripts/train_bert_classifier.py", line 5, in <module>
    import pandas as pd
  File "/projects/tejo9855/software/anaconda/envs/teagan-conda-env-curc/lib/python3.11/site-packages/pandas/__init__.py", line 49, in <module>
    from pandas.core.api import (
  File "/projects/tejo9855/software/anaconda/envs/teagan-conda-env-curc/lib/python3.11/site-packages/pandas/core/api.py", line 47, in <module>
    from pandas.core.groupby import (
  File "/projects/tejo9855/software/anaconda/envs/teagan-conda-env-curc/lib/python3.11/site-packages/pandas/core/groupby/__init__.py", line 1, in <module>
    from pandas.core.groupby.generic import (
  File "/projects/tejo9855/software/anaconda/envs/teagan-conda-env-curc/lib/python3.11/site-packages/pandas/core/groupby/generic.py", line 68, in <module>
    from pandas.core.frame import DataFrame
  File "/projects/tejo9855/software/anaconda/envs/teagan-conda-env-curc/lib/python3.11/site-packages/pandas/core/frame.py", line 149, in <module>
    from pandas.core.generic import (
  File "/projects/tejo9855/software/anaconda/envs/teagan-conda-env-curc/lib/python3.11/site-packages/pandas/core/generic.py", line 193, in <module>
    from pandas.core.window import (
  File "/projects/tejo9855/software/anaconda/envs/teagan-conda-env-curc/lib/python3.11/site-packages/pandas/core/window/__init__.py", line 1, in <module>
    from pandas.core.window.ewm import (
  File "/projects/tejo9855/software/anaconda/envs/teagan-conda-env-curc/lib/python3.11/site-packages/pandas/core/window/ewm.py", line 11, in <module>
    import pandas._libs.window.aggregations as window_aggregations
ImportError: /lib64/libstdc++.so.6: version `GLIBCXX_3.4.29' not found (required by /projects/tejo9855/software/anaconda/envs/teagan-conda-env-curc/lib/python3.11/site-packages/pandas/_libs/window/aggregations.cpython-311-x86_64-linux-gnu.so)
