2025-12-05 23:59:21.637921: I tensorflow/core/platform/cpu_feature_guard.cc:210] This TensorFlow binary is optimized to use available CPU instructions in performance-critical operations.
To enable the following instructions: AVX2 FMA, in other operations, rebuild TensorFlow with the appropriate compiler flags.
Loading data from: /Users/tejo9855/Documents/Classes/Fall '25/NLP - Martin/Assignments/SemEval2026-task9/teagan_folder/src/output/train_aug_groups.csv
Traceback (most recent call last):
  File "/projects/tejo9855/Projects/SemEval2026-task9/teagan_folder/src/scripts/train_bert_classifier.py", line 203, in <module>
    main()
  File "/projects/tejo9855/Projects/SemEval2026-task9/teagan_folder/src/scripts/train_bert_classifier.py", line 108, in main
    df = pd.read_csv(INPUT_CSV)
         ^^^^^^^^^^^^^^^^^^^^^^
  File "/projects/tejo9855/software/anaconda/envs/teagan-conda-env-curc/lib/python3.11/site-packages/pandas/io/parsers/readers.py", line 1026, in read_csv
    return _read(filepath_or_buffer, kwds)
           ^^^^^^^^^^^^^^^^^^^^^^^^^^^^^^^
  File "/projects/tejo9855/software/anaconda/envs/teagan-conda-env-curc/lib/python3.11/site-packages/pandas/io/parsers/readers.py", line 620, in _read
    parser = TextFileReader(filepath_or_buffer, **kwds)
             ^^^^^^^^^^^^^^^^^^^^^^^^^^^^^^^^^^^^^^^^^^
  File "/projects/tejo9855/software/anaconda/envs/teagan-conda-env-curc/lib/python3.11/site-packages/pandas/io/parsers/readers.py", line 1620, in __init__
    self._engine = self._make_engine(f, self.engine)
                   ^^^^^^^^^^^^^^^^^^^^^^^^^^^^^^^^^
  File "/projects/tejo9855/software/anaconda/envs/teagan-conda-env-curc/lib/python3.11/site-packages/pandas/io/parsers/readers.py", line 1880, in _make_engine
    self.handles = get_handle(
                   ^^^^^^^^^^^
  File "/projects/tejo9855/software/anaconda/envs/teagan-conda-env-curc/lib/python3.11/site-packages/pandas/io/common.py", line 873, in get_handle
    handle = open(
             ^^^^^
FileNotFoundError: [Errno 2] No such file or directory: "/Users/tejo9855/Documents/Classes/Fall '25/NLP - Martin/Assignments/SemEval2026-task9/teagan_folder/src/output/train_aug_groups.csv"
